<?xml version="1.0" encoding="UTF-8"?>
<testsuites>
  <testsuite name="/app/tests/Station07" tests="3" assertions="3" errors="0" warnings="0" failures="0" skipped="0" time="0.004187">
    <testsuite name="Tests\Station07\QuestionTest" file="/app/tests/Station07/QuestionTest.php" tests="3" assertions="3" errors="0" warnings="0" failures="0" skipped="0" time="0.004187">
      <testcase name="one_期待値と一致するよう結合された連想配列を返す" class="Tests\Station07\QuestionTest" classname="Tests.Station07.QuestionTest" file="/app/tests/Station07/QuestionTest.php" line="23" assertions="1" time="0.004155">
        <system-out>Array
(
    [北海道] =&gt; 1
    [東京都] =&gt; 13
    [大阪府] =&gt; 27
    [京都府] =&gt; 26
    [広島県] =&gt; 34
)
</system-out>
      </testcase>
      <testcase name="two_結合した姓名を要素に持つ配列を返す" class="Tests\Station07\QuestionTest" classname="Tests.Station07.QuestionTest" file="/app/tests/Station07/QuestionTest.php" line="40" assertions="1" time="0.000021"/>
      <testcase name="three_期待値と一致するよう抽出された連想配列を返す" class="Tests\Station07\QuestionTest" classname="Tests.Station07.QuestionTest" file="/app/tests/Station07/QuestionTest.php" line="51" assertions="1" time="0.000012"/>
    </testsuite>
  </testsuite>
</testsuites>
