<?xml version="1.0" encoding="UTF-8"?>
<testsuites>
  <testsuite name="/app/tests/Station11" tests="5" assertions="1" errors="4" warnings="0" failures="1" skipped="0" time="0.009505">
    <testsuite name="Tests\Station11\QuestionTest" file="/app/tests/Station11/QuestionTest.php" tests="5" assertions="1" errors="4" warnings="0" failures="1" skipped="0" time="0.009505">
      <testcase name="_300円の予算内で3つのお菓子データを抽出する" class="Tests\Station11\QuestionTest" classname="Tests.Station11.QuestionTest" file="/app/tests/Station11/QuestionTest.php" line="43" assertions="0" time="0.007651">
        <error type="Error">Tests\Station11\QuestionTest::_300円の予算内で3つのお菓子データを抽出する
Error: Call to undefined function Src\Station11\getSweetsLessThanBudget()

/app/src/Station11/Question.php:10
/app/tests/Station11/QuestionTest.php:45</error>
      </testcase>
      <testcase name="お菓子データの抽出はランダムである" class="Tests\Station11\QuestionTest" classname="Tests.Station11.QuestionTest" file="/app/tests/Station11/QuestionTest.php" line="55" assertions="0" time="0.000035">
        <error type="Error">Tests\Station11\QuestionTest::お菓子データの抽出はランダムである
Error: Call to undefined function Src\Station11\getSweetsLessThanBudget()

/app/src/Station11/Question.php:10
/app/tests/Station11/QuestionTest.php:57</error>
      </testcase>
      <testcase name="getSweetsLessThanBudgetでの処理が命名に合致する" class="Tests\Station11\QuestionTest" classname="Tests.Station11.QuestionTest" file="/app/tests/Station11/QuestionTest.php" line="72" assertions="0" time="0.000021">
        <error type="TypeError">Tests\Station11\QuestionTest::getSweetsLessThanBudgetでの処理が命名に合致する
TypeError: array_filter(): Argument #1 ($array) must be of type array, Closure given

/app/src/Station11/Question.php:18
/app/tests/Station11/QuestionTest.php:77</error>
      </testcase>
      <testcase name="getRandomKeysでの処理が命名に合致する" class="Tests\Station11\QuestionTest" classname="Tests.Station11.QuestionTest" file="/app/tests/Station11/QuestionTest.php" line="93" assertions="1" time="0.001778">
        <failure type="PHPUnit\Framework\ExpectationFailedException">Tests\Station11\QuestionTest::getRandomKeysでの処理が命名に合致する
Failed asserting that two arrays are identical.
--- Expected
+++ Actual
@@ @@
 Array &amp;0 (
     0 =&gt; 0
-    1 =&gt; 1
+    1 =&gt; 2
     2 =&gt; 3
 )

/app/tests/Station11/QuestionTest.php:106</failure>
      </testcase>
      <testcase name="makeCombinationでの処理が命名に合致する" class="Tests\Station11\QuestionTest" classname="Tests.Station11.QuestionTest" file="/app/tests/Station11/QuestionTest.php" line="112" assertions="0" time="0.000022">
        <error type="Error">Tests\Station11\QuestionTest::makeCombinationでの処理が命名に合致する
Error: Call to undefined function Src\Station11\getSweetsLessThanBudget()

/app/src/Station11/Question.php:10
/app/src/Station11/Question.php:40
/app/tests/Station11/QuestionTest.php:117</error>
      </testcase>
    </testsuite>
  </testsuite>
</testsuites>
